[Thu Nov  6 08:47:24 2025] Application starting
[Thu Nov  6 08:47:24 2025] Frame created successfully
[Thu Nov  6 08:47:24 2025] Frame shown
[Thu Nov  6 08:50:22 2025] Application starting
[Thu Nov  6 08:50:22 2025] MyFrame constructor starting
[Thu Nov  6 08:50:22 2025] Creating list control
[Thu Nov  6 08:50:22 2025] List control created successfully
[Thu Nov  6 08:50:22 2025] MyFrame constructor completed successfully
[Thu Nov  6 08:50:22 2025] Frame created successfully
[Thu Nov  6 08:50:22 2025] Frame shown
[Thu Nov  6 08:53:39 2025] Application starting
[Thu Nov  6 08:53:39 2025] MyFrame constructor starting
[Thu Nov  6 08:53:39 2025] Creating list control
[Thu Nov  6 08:53:39 2025] List control created successfully
[Thu Nov  6 08:53:39 2025] MyFrame constructor completed successfully
[Thu Nov  6 08:53:39 2025] Frame created successfully
[Thu Nov  6 08:53:39 2025] Frame shown
[Thu Nov  6 09:04:26 2025] Application starting
[Thu Nov  6 09:04:26 2025] MyFrame constructor starting
[Thu Nov  6 09:04:26 2025] Creating list control
[Thu Nov  6 09:04:26 2025] List control created successfully
[Thu Nov  6 09:04:26 2025] MyFrame constructor completed successfully
[Thu Nov  6 09:04:26 2025] Frame created successfully
[Thu Nov  6 09:04:26 2025] Frame shown
